Using pre-set license
Built from '2020.3/staging' branch; Version is '2020.3.16f1 (049d6eca3c44) revision 302446'; Using compiler version '192528614'; Build Type 'Release'
OS: 'Windows 10 Pro; OS build 19041.450; Version 2004; 64bit' Language: 'es' Physical Memory: 8156 MB
BatchMode: 1, IsHumanControllingUs: 0, StartBugReporterOnCrash: 0, Is64bit: 1, IsPro: 0

 COMMAND LINE ARGUMENTS:
C:\Program Files\Unity\Hub\Editor\2020.3.16f1\Editor\Unity.exe
-adb2
-batchMode
-noUpm
-name
AssetImportWorker0
-projectPath
C:/Users/Usuario/clasetrabajo
-logFile
Logs/AssetImportWorker0.log
-srvPort
58962
Successfully changed project path to: C:/Users/Usuario/clasetrabajo
C:/Users/Usuario/clasetrabajo
Using Asset Import Pipeline V2.
Refreshing native plugins compatible for Editor in 39.24 ms, found 2 plugins.
Preloading 0 native plugins for Editor in 0.00 ms.
Initialize engine version: 2020.3.16f1 (049d6eca3c44)
[Subsystems] Discovering subsystems at path C:/Program Files/Unity/Hub/Editor/2020.3.16f1/Editor/Data/Resources/UnitySubsystems
[Subsystems] Discovering subsystems at path C:/Users/Usuario/clasetrabajo/Assets
GfxDevice: creating device client; threaded=0
Direct3D:
    Version:  Direct3D 11.0 [level 11.1]
    Renderer: NVIDIA GeForce GTX 1650 (ID=0x1f82)
    Vendor:   
    VRAM:     3962 MB
    Driver:   26.21.14.4166
Initialize mono
Mono path[0] = 'C:/Program Files/Unity/Hub/Editor/2020.3.16f1/Editor/Data/Managed'
Mono path[1] = 'C:/Program Files/Unity/Hub/Editor/2020.3.16f1/Editor/Data/MonoBleedingEdge/lib/mono/unityjit'
Mono config path = 'C:/Program Files/Unity/Hub/Editor/2020.3.16f1/Editor/Data/MonoBleedingEdge/etc'
Using monoOptions --debugger-agent=transport=dt_socket,embedding=1,server=y,suspend=n,address=127.0.0.1:56276
Begin MonoManager ReloadAssembly
Registering precompiled unity dll's ...
Register platform support module: C:/Program Files/Unity/Hub/Editor/2020.3.16f1/Editor/Data/PlaybackEngines/WebGLSupport/UnityEditor.WebGL.Extensions.dll
Register platform support module: C:/Program Files/Unity/Hub/Editor/2020.3.16f1/Editor/Data/PlaybackEngines/WindowsStandaloneSupport/UnityEditor.WindowsStandalone.Extensions.dll
Registered in 0.001712 seconds.
Native extension for WindowsStandalone target not found
Native extension for WebGL target not found
Refreshing native plugins compatible for Editor in 41.02 ms, found 2 plugins.
Preloading 0 native plugins for Editor in 0.00 ms.
Mono: successfully reloaded assembly
- Completed reload, in  1.834 seconds
Domain Reload Profiling:
	ReloadAssembly (1834ms)
		BeginReloadAssembly (50ms)
			ExecutionOrderSort (0ms)
			DisableScriptedObjects (0ms)
			BackupInstance (0ms)
			ReleaseScriptingObjects (0ms)
			CreateAndSetChildDomain (1ms)
		EndReloadAssembly (460ms)
			LoadAssemblies (48ms)
			RebuildTransferFunctionScriptingTraits (0ms)
			SetupTypeCache (144ms)
			ReleaseScriptCaches (0ms)
			RebuildScriptCaches (39ms)
			SetupLoadedEditorAssemblies (191ms)
				LogAssemblyErrors (0ms)
				InitializePlatformSupportModulesInManaged (6ms)
				SetLoadedEditorAssemblies (0ms)
				RefreshPlugins (41ms)
				BeforeProcessingInitializeOnLoad (10ms)
				ProcessInitializeOnLoadAttributes (98ms)
				ProcessInitializeOnLoadMethodAttributes (36ms)
				AfterProcessingInitializeOnLoad (0ms)
				EditorAssembliesLoaded (0ms)
			ExecutionOrderSort2 (0ms)
			AwakeInstancesAfterBackupRestoration (0ms)
Platform modules already initialized, skipping
Registering precompiled user dll's ...
Registered in 0.003241 seconds.
Begin MonoManager ReloadAssembly
Native extension for WindowsStandalone target not found
Native extension for WebGL target not found
Refreshing native plugins compatible for Editor in 0.35 ms, found 2 plugins.
Preloading 0 native plugins for Editor in 0.00 ms.
Mono: successfully reloaded assembly
- Completed reload, in  1.075 seconds
Domain Reload Profiling:
	ReloadAssembly (1076ms)
		BeginReloadAssembly (140ms)
			ExecutionOrderSort (0ms)
			DisableScriptedObjects (4ms)
			BackupInstance (0ms)
			ReleaseScriptingObjects (0ms)
			CreateAndSetChildDomain (18ms)
		EndReloadAssembly (877ms)
			LoadAssemblies (78ms)
			RebuildTransferFunctionScriptingTraits (0ms)
			SetupTypeCache (266ms)
			ReleaseScriptCaches (0ms)
			RebuildScriptCaches (48ms)
			SetupLoadedEditorAssemblies (382ms)
				LogAssemblyErrors (0ms)
				InitializePlatformSupportModulesInManaged (5ms)
				SetLoadedEditorAssemblies (0ms)
				RefreshPlugins (0ms)
				BeforeProcessingInitializeOnLoad (57ms)
				ProcessInitializeOnLoadAttributes (309ms)
				ProcessInitializeOnLoadMethodAttributes (4ms)
				AfterProcessingInitializeOnLoad (5ms)
				EditorAssembliesLoaded (0ms)
			ExecutionOrderSort2 (0ms)
			AwakeInstancesAfterBackupRestoration (6ms)
Platform modules already initialized, skipping
========================================================================
Worker process is ready to serve import requests
Launched and connected shader compiler UnityShaderCompiler.exe after 0.11 seconds
Refreshing native plugins compatible for Editor in 0.34 ms, found 2 plugins.
Preloading 0 native plugins for Editor in 0.00 ms.
Unloading 1744 Unused Serialized files (Serialized files now loaded: 0)
System memory in use before: 76.4 MB.
System memory in use after: 76.4 MB.

Unloading 20 unused Assets to reduce memory usage. Loaded Objects now: 2177.
Total: 2.980800 ms (FindLiveObjects: 0.176800 ms CreateObjectMapping: 0.061300 ms MarkObjects: 2.666800 ms  DeleteObjects: 0.074700 ms)

AssetImportParameters requested are different than current active one (requested -> active):
  custom:framework-win-MediaFoundation: 216162199b28c13a410421893ffa2e32 -> 
  custom:video-decoder-ogg-theora: a1e56fd34408186e4bbccfd4996cb3dc -> 
  custom:container-muxer-webm: aa71ff27fc2769a1b78a27578f13a17b -> 
  custom:container-demuxer-webm: 4f35f7cbe854078d1ac9338744f61a02 -> 
  custom:container-demuxer-ogg: 62fdf1f143b41e24485cea50d1cbac27 -> 
  custom:video-encoder-webm-vp8: eb34c28f22e8b96e1ab97ce403110664 -> 
  custom:video-decoder-webm-vp8: 9c59270c3fd7afecdb556c50c9e8de78 -> 
  custom:audio-decoder-ogg-vorbis: bf7c407c2cedff20999df2af8eb42d56 -> 
  custom:audio-encoder-webm-vorbis: bf7c407c2cedff20999df2af8eb42d56 -> 
========================================================================
Received Import Request.
  path: Assets/ZombieAnimationPackFree/Models/Appearance/BH-2/Mesh/BH-2 Free.fbx
  artifactKey: Guid(83df9562de1b27646afd2f8bfb8d8927) Importer(815301076,1909f56bfc062723c751e8b465ee728b)
Start importing Assets/ZombieAnimationPackFree/Models/Appearance/BH-2/Mesh/BH-2 Free.fbx using Guid(83df9562de1b27646afd2f8bfb8d8927) Importer(815301076,1909f56bfc062723c751e8b465ee728b)  -> (artifact id: 'c156514157f11ad79a32afff3a4a0c87') in 1.129200 seconds 
  Import took 1.140673 seconds .

========================================================================
Received Prepare
Registering precompiled user dll's ...
Registered in 0.004250 seconds.
Begin MonoManager ReloadAssembly
Native extension for WindowsStandalone target not found
Native extension for WebGL target not found
Refreshing native plugins compatible for Editor in 0.43 ms, found 2 plugins.
Preloading 0 native plugins for Editor in 0.00 ms.
Mono: successfully reloaded assembly
- Completed reload, in  1.092 seconds
Domain Reload Profiling:
	ReloadAssembly (1092ms)
		BeginReloadAssembly (97ms)
			ExecutionOrderSort (0ms)
			DisableScriptedObjects (4ms)
			BackupInstance (0ms)
			ReleaseScriptingObjects (0ms)
			CreateAndSetChildDomain (31ms)
		EndReloadAssembly (937ms)
			LoadAssemblies (79ms)
			RebuildTransferFunctionScriptingTraits (0ms)
			SetupTypeCache (274ms)
			ReleaseScriptCaches (1ms)
			RebuildScriptCaches (36ms)
			SetupLoadedEditorAssemblies (438ms)
				LogAssemblyErrors (0ms)
				InitializePlatformSupportModulesInManaged (5ms)
				SetLoadedEditorAssemblies (0ms)
				RefreshPlugins (0ms)
				BeforeProcessingInitializeOnLoad (50ms)
				ProcessInitializeOnLoadAttributes (373ms)
				ProcessInitializeOnLoadMethodAttributes (4ms)
				AfterProcessingInitializeOnLoad (4ms)
				EditorAssembliesLoaded (0ms)
			ExecutionOrderSort2 (0ms)
			AwakeInstancesAfterBackupRestoration (6ms)
Platform modules already initialized, skipping
Switching build target platform(19) subTarget(0) extendedPlatform(0) -> platform(13) subTarget(524288) extendedPlatform(0)
Refreshing native plugins compatible for Editor in 0.36 ms, found 2 plugins.
Preloading 0 native plugins for Editor in 0.00 ms.
Unloading 1737 Unused Serialized files (Serialized files now loaded: 0)
System memory in use before: 93.2 MB.
System memory in use after: 93.3 MB.

Unloading 15 unused Assets to reduce memory usage. Loaded Objects now: 2192.
Total: 3.638700 ms (FindLiveObjects: 0.156700 ms CreateObjectMapping: 0.057000 ms MarkObjects: 3.378500 ms  DeleteObjects: 0.045000 ms)

AssetImportParameters requested are different than current active one (requested -> active):
  custom:framework-win-MediaFoundation: 216162199b28c13a410421893ffa2e32 -> 
  custom:video-decoder-ogg-theora: a1e56fd34408186e4bbccfd4996cb3dc -> 
  custom:container-muxer-webm: aa71ff27fc2769a1b78a27578f13a17b -> 
  custom:container-demuxer-webm: 4f35f7cbe854078d1ac9338744f61a02 -> 
  custom:container-demuxer-ogg: 62fdf1f143b41e24485cea50d1cbac27 -> 
  custom:video-encoder-webm-vp8: eb34c28f22e8b96e1ab97ce403110664 -> 
  custom:video-decoder-webm-vp8: 9c59270c3fd7afecdb556c50c9e8de78 -> 
  custom:graphics/normal-map-encoding: 01000000000000000000000000000000 -> 02000000000000000000000000000000
  custom:audio-decoder-ogg-vorbis: bf7c407c2cedff20999df2af8eb42d56 -> 
  custom:audio-encoder-webm-vorbis: bf7c407c2cedff20999df2af8eb42d56 -> 
========================================================================
Received Import Request.
  Time since last request: 133.251721 seconds.
  path: Assets/calses.unity
  artifactKey: Guid(ee0d1dacd212696478df7044a7160028) Importer(815301076,1909f56bfc062723c751e8b465ee728b)
Start importing Assets/calses.unity using Guid(ee0d1dacd212696478df7044a7160028) Importer(815301076,1909f56bfc062723c751e8b465ee728b)  -> (artifact id: '1cf6db07675ac6472a4cf3e7edf092a4') in 0.015550 seconds 
  Import took 0.018931 seconds .

========================================================================
Received Import Request.
  Time since last request: 0.000202 seconds.
  path: Assets/BH-2 Free.prefab
  artifactKey: Guid(fdc9f0747b639c14bbaae74fc18a3cfd) Importer(815301076,1909f56bfc062723c751e8b465ee728b)
Start importing Assets/BH-2 Free.prefab using Guid(fdc9f0747b639c14bbaae74fc18a3cfd) Importer(815301076,1909f56bfc062723c751e8b465ee728b)  -> (artifact id: 'b22066cf273e716c31b9f41b4b88491c') in 0.646752 seconds 
  Import took 0.661614 seconds .

========================================================================
Received Import Request.
  Time since last request: 13.968867 seconds.
  path: Assets/ZombieAnimationPackFree
  artifactKey: Guid(7f892ac3c8456d642a07fefa40a9fe15) Importer(815301076,1909f56bfc062723c751e8b465ee728b)
Start importing Assets/ZombieAnimationPackFree using Guid(7f892ac3c8456d642a07fefa40a9fe15) Importer(815301076,1909f56bfc062723c751e8b465ee728b)  -> (artifact id: '89043d2aed1f7a78101500a9d6f0f3c4') in 0.009554 seconds 
  Import took 0.012905 seconds .

========================================================================
Received Import Request.
  Time since last request: 12.047021 seconds.
  path: Assets/ZombieAnimationPackFree/Animations
  artifactKey: Guid(1ca2346e4b8be834da4b9fe667ac21df) Importer(815301076,1909f56bfc062723c751e8b465ee728b)
Start importing Assets/ZombieAnimationPackFree/Animations using Guid(1ca2346e4b8be834da4b9fe667ac21df) Importer(815301076,1909f56bfc062723c751e8b465ee728b)  -> (artifact id: '48fc2d8c3a4a868a0c6272acc2dc65cd') in 0.008923 seconds 
  Import took 0.085126 seconds .

========================================================================
Received Import Request.
  Time since last request: 0.000235 seconds.
  path: Assets/ZombieAnimationPackFree/Animations/0-idle_agressive.fbx
  artifactKey: Guid(6ff84b2de0b0a4343b04ef9e8d358664) Importer(815301076,1909f56bfc062723c751e8b465ee728b)
Start importing Assets/ZombieAnimationPackFree/Animations/0-idle_agressive.fbx using Guid(6ff84b2de0b0a4343b04ef9e8d358664) Importer(815301076,1909f56bfc062723c751e8b465ee728b)  -> (artifact id: 'b31d4565c101c9919a8bf4c225924210') in 0.017678 seconds 
  Import took 0.023433 seconds .

========================================================================
Received Import Request.
  Time since last request: 0.000194 seconds.
  path: Assets/ZombieAnimationPackFree/Animations/3-great_damage_torso_front.fbx
  artifactKey: Guid(e32fa2810c3134e43a88655493f323bb) Importer(815301076,1909f56bfc062723c751e8b465ee728b)
Start importing Assets/ZombieAnimationPackFree/Animations/3-great_damage_torso_front.fbx using Guid(e32fa2810c3134e43a88655493f323bb) Importer(815301076,1909f56bfc062723c751e8b465ee728b)  -> (artifact id: 'baf82aaf8e0e236c5a45deea611ddae4') in 0.017783 seconds 
  Import took 0.037296 seconds .

========================================================================
Received Import Request.
  Time since last request: 0.000199 seconds.
  path: Assets/ZombieAnimationPackFree/Animations/2-attack_inversed_horizontal_right_hand.fbx
  artifactKey: Guid(55303e9146226f94681094c17e4235e1) Importer(815301076,1909f56bfc062723c751e8b465ee728b)
Start importing Assets/ZombieAnimationPackFree/Animations/2-attack_inversed_horizontal_right_hand.fbx using Guid(55303e9146226f94681094c17e4235e1) Importer(815301076,1909f56bfc062723c751e8b465ee728b)  -> (artifact id: '9d251182e94a115e23387532d1ef34cf') in 0.013152 seconds 
  Import took 0.022959 seconds .

========================================================================
Received Import Request.
  Time since last request: 0.000241 seconds.
  path: Assets/ZombieAnimationPackFree/Animations/1-walk_chase_left.fbx
  artifactKey: Guid(83866ae06095e2240aac0c25dbcb9b3a) Importer(815301076,1909f56bfc062723c751e8b465ee728b)
Start importing Assets/ZombieAnimationPackFree/Animations/1-walk_chase_left.fbx using Guid(83866ae06095e2240aac0c25dbcb9b3a) Importer(815301076,1909f56bfc062723c751e8b465ee728b)  -> (artifact id: '395fb0a1ccfa00372060d7a5f0495b5b') in 0.017096 seconds 
  Import took 0.022119 seconds .

========================================================================
Received Import Request.
  Time since last request: 0.000245 seconds.
  path: Assets/ZombieAnimationPackFree/Animations/10-death_fall_backward.fbx
  artifactKey: Guid(4c84b6795e5cce74a9c35146e05f4c0a) Importer(815301076,1909f56bfc062723c751e8b465ee728b)
Start importing Assets/ZombieAnimationPackFree/Animations/10-death_fall_backward.fbx using Guid(4c84b6795e5cce74a9c35146e05f4c0a) Importer(815301076,1909f56bfc062723c751e8b465ee728b)  -> (artifact id: '9c3b5f0eac0955e96340a00bd3282511') in 0.017651 seconds 
  Import took 0.034338 seconds .

========================================================================
Received Import Request.
  Time since last request: 0.000195 seconds.
  path: Assets/ZombieAnimationPackFree/Animations/1-walk_chase.fbx
  artifactKey: Guid(4427ff7ccdf204f49860d80928896422) Importer(815301076,1909f56bfc062723c751e8b465ee728b)
Start importing Assets/ZombieAnimationPackFree/Animations/1-walk_chase.fbx using Guid(4427ff7ccdf204f49860d80928896422) Importer(815301076,1909f56bfc062723c751e8b465ee728b)  -> (artifact id: 'fa351a2bdf4b6d0729086f7aab2b9d64') in 0.014286 seconds 
  Import took 0.018859 seconds .

========================================================================
Received Import Request.
  Time since last request: 0.000207 seconds.
  path: Assets/ZombieAnimationPackFree/Animations/1-walk_chase_right.fbx
  artifactKey: Guid(0c0ee440147bca341bbdbfc41ab33e83) Importer(815301076,1909f56bfc062723c751e8b465ee728b)
Start importing Assets/ZombieAnimationPackFree/Animations/1-walk_chase_right.fbx using Guid(0c0ee440147bca341bbdbfc41ab33e83) Importer(815301076,1909f56bfc062723c751e8b465ee728b)  -> (artifact id: 'b181490b0726ffc134c7af64ff4723bf') in 0.016552 seconds 
  Import took 0.020670 seconds .

========================================================================
Received Import Request.
  Time since last request: 2.186284 seconds.
  path: Assets/ZombieAnimationPackFree/Animations/ZombieDemo.controller
  artifactKey: Guid(7122db09428d8d149827cf7b2debf93a) Importer(815301076,1909f56bfc062723c751e8b465ee728b)
Start importing Assets/ZombieAnimationPackFree/Animations/ZombieDemo.controller using Guid(7122db09428d8d149827cf7b2debf93a) Importer(815301076,1909f56bfc062723c751e8b465ee728b)  -> (artifact id: 'b749a25f6a3bac2c0ab3d4dbba657518') in 0.016881 seconds 
  Import took 0.020654 seconds .

========================================================================
Received Import Request.
  Time since last request: 8.564141 seconds.
  path: Assets/ZombieAnimationPackFree/Models
  artifactKey: Guid(7fd43dd1f3f87554ea956b7940f0ff6a) Importer(815301076,1909f56bfc062723c751e8b465ee728b)
Start importing Assets/ZombieAnimationPackFree/Models using Guid(7fd43dd1f3f87554ea956b7940f0ff6a) Importer(815301076,1909f56bfc062723c751e8b465ee728b)  -> (artifact id: '6df4861fd50287b756bec11ad7bc5bf6') in 0.007704 seconds 
  Import took 0.033397 seconds .

========================================================================
Received Import Request.
  Time since last request: 6.511248 seconds.
  path: Assets/ZombieAnimationPackFree/Models/Appearance
  artifactKey: Guid(6c7b9ba407632d340a82a1792e781332) Importer(815301076,1909f56bfc062723c751e8b465ee728b)
Start importing Assets/ZombieAnimationPackFree/Models/Appearance using Guid(6c7b9ba407632d340a82a1792e781332) Importer(815301076,1909f56bfc062723c751e8b465ee728b)  -> (artifact id: '25e70c6afe3c2be30223647c2cc71e2f') in 0.006906 seconds 
  Import took 0.020282 seconds .

========================================================================
Received Import Request.
  Time since last request: 0.787546 seconds.
  path: Assets/ZombieAnimationPackFree/Models/Appearance/BH-2
  artifactKey: Guid(38866cf8e3072bc419d7da533bb33f21) Importer(815301076,1909f56bfc062723c751e8b465ee728b)
Start importing Assets/ZombieAnimationPackFree/Models/Appearance/BH-2 using Guid(38866cf8e3072bc419d7da533bb33f21) Importer(815301076,1909f56bfc062723c751e8b465ee728b)  -> (artifact id: 'd449e4f1efda35893fd5f85cec7fc8fd') in 0.008130 seconds 
  Import took 0.017238 seconds .

========================================================================
Received Import Request.
  Time since last request: 2.019516 seconds.
  path: Assets/ZombieAnimationPackFree/Models/Appearance/BH-2/Mesh
  artifactKey: Guid(e40f35e79af0d344c852c10f4bfdf92b) Importer(815301076,1909f56bfc062723c751e8b465ee728b)
Start importing Assets/ZombieAnimationPackFree/Models/Appearance/BH-2/Mesh using Guid(e40f35e79af0d344c852c10f4bfdf92b) Importer(815301076,1909f56bfc062723c751e8b465ee728b)  -> (artifact id: '8165a4ad1a3b953a5c375969ee9eb115') in 0.007871 seconds 
  Import took 0.011439 seconds .

========================================================================
Received Import Request.
  Time since last request: 84.544665 seconds.
  path: Assets/BH-2 Free (1).prefab
  artifactKey: Guid(af3886add78ef3b4c8e53eccd98b5693) Importer(815301076,1909f56bfc062723c751e8b465ee728b)
Start importing Assets/BH-2 Free (1).prefab using Guid(af3886add78ef3b4c8e53eccd98b5693) Importer(815301076,1909f56bfc062723c751e8b465ee728b)  -> (artifact id: '0dcb34947d4300f61fff9d05b397f6dd') in 0.257622 seconds 
  Import took 0.277624 seconds .

========================================================================
Received Prepare
Refreshing native plugins compatible for Editor in 2.97 ms, found 2 plugins.
Preloading 0 native plugins for Editor in 0.00 ms.
Unloading 12 Unused Serialized files (Serialized files now loaded: 0)
System memory in use before: 59.4 MB.
System memory in use after: 59.5 MB.

Unloading 11 unused Assets to reduce memory usage. Loaded Objects now: 2194.
Total: 4.125900 ms (FindLiveObjects: 0.333300 ms CreateObjectMapping: 0.088400 ms MarkObjects: 3.681700 ms  DeleteObjects: 0.020400 ms)

AssetImportParameters requested are different than current active one (requested -> active):
  custom:framework-win-MediaFoundation: 216162199b28c13a410421893ffa2e32 -> 
  custom:video-decoder-ogg-theora: a1e56fd34408186e4bbccfd4996cb3dc -> 
  custom:container-muxer-webm: aa71ff27fc2769a1b78a27578f13a17b -> 
  custom:container-demuxer-webm: 4f35f7cbe854078d1ac9338744f61a02 -> 
  custom:container-demuxer-ogg: 62fdf1f143b41e24485cea50d1cbac27 -> 
  custom:video-encoder-webm-vp8: eb34c28f22e8b96e1ab97ce403110664 -> 
  custom:video-decoder-webm-vp8: 9c59270c3fd7afecdb556c50c9e8de78 -> 
  custom:audio-decoder-ogg-vorbis: bf7c407c2cedff20999df2af8eb42d56 -> 
  custom:audio-encoder-webm-vorbis: bf7c407c2cedff20999df2af8eb42d56 -> 
AssetImportWorkerClient::OnTransportError - code=2 error=End of file
